

Started GET "/" for 127.0.0.1 at 2015-02-12 12:18:59 +0800

AbstractController::ActionNotFound - The action 'index' could not be found for StaticPagesController:
  actionpack (4.1.6) lib/abstract_controller/base.rb:131:in `process'
  actionview (4.1.6) lib/action_view/rendering.rb:30:in `process'
  actionpack (4.1.6) lib/action_controller/metal.rb:196:in `dispatch'
  actionpack (4.1.6) lib/action_controller/metal/rack_delegation.rb:13:in `dispatch'
  actionpack (4.1.6) lib/action_controller/metal.rb:232:in `block in action'
  actionpack (4.1.6) lib/action_dispatch/routing/route_set.rb:82:in `dispatch'
  actionpack (4.1.6) lib/action_dispatch/routing/route_set.rb:50:in `call'
  actionpack (4.1.6) lib/action_dispatch/journey/router.rb:73:in `block in call'
  actionpack (4.1.6) lib/action_dispatch/journey/router.rb:59:in `call'
  actionpack (4.1.6) lib/action_dispatch/routing/route_set.rb:678:in `call'
  warden (1.2.3) lib/warden/manager.rb:35:in `block in call'
  warden (1.2.3) lib/warden/manager.rb:34:in `call'
  rack (1.5.2) lib/rack/etag.rb:23:in `call'
  rack (1.5.2) lib/rack/conditionalget.rb:25:in `call'
  rack (1.5.2) lib/rack/head.rb:11:in `call'
  actionpack (4.1.6) lib/action_dispatch/middleware/params_parser.rb:27:in `call'
  actionpack (4.1.6) lib/action_dispatch/middleware/flash.rb:254:in `call'
  rack (1.5.2) lib/rack/session/abstract/id.rb:225:in `context'
  rack (1.5.2) lib/rack/session/abstract/id.rb:220:in `call'
  actionpack (4.1.6) lib/action_dispatch/middleware/cookies.rb:560:in `call'
  activerecord (4.1.6) lib/active_record/query_cache.rb:36:in `call'
  activerecord (4.1.6) lib/active_record/connection_adapters/abstract/connection_pool.rb:621:in `call'
  activerecord (4.1.6) lib/active_record/migration.rb:380:in `call'
  actionpack (4.1.6) lib/action_dispatch/middleware/callbacks.rb:29:in `block in call'
  activesupport (4.1.6) lib/active_support/callbacks.rb:82:in `run_callbacks'
  actionpack (4.1.6) lib/action_dispatch/middleware/callbacks.rb:27:in `call'
  actionpack (4.1.6) lib/action_dispatch/middleware/reloader.rb:73:in `call'
  actionpack (4.1.6) lib/action_dispatch/middleware/remote_ip.rb:76:in `call'
  better_errors (2.1.1) lib/better_errors/middleware.rb:84:in `protected_app_call'
  better_errors (2.1.1) lib/better_errors/middleware.rb:79:in `better_errors_call'
  better_errors (2.1.1) lib/better_errors/middleware.rb:57:in `call'
  actionpack (4.1.6) lib/action_dispatch/middleware/debug_exceptions.rb:17:in `call'
  actionpack (4.1.6) lib/action_dispatch/middleware/show_exceptions.rb:30:in `call'
  railties (4.1.6) lib/rails/rack/logger.rb:38:in `call_app'
  railties (4.1.6) lib/rails/rack/logger.rb:20:in `block in call'
  activesupport (4.1.6) lib/active_support/tagged_logging.rb:68:in `block in tagged'
  activesupport (4.1.6) lib/active_support/tagged_logging.rb:26:in `tagged'
  activesupport (4.1.6) lib/active_support/tagged_logging.rb:68:in `tagged'
  railties (4.1.6) lib/rails/rack/logger.rb:20:in `call'
  actionpack (4.1.6) lib/action_dispatch/middleware/request_id.rb:21:in `call'
  rack (1.5.2) lib/rack/methodoverride.rb:21:in `call'
  rack (1.5.2) lib/rack/runtime.rb:17:in `call'
  activesupport (4.1.6) lib/active_support/cache/strategy/local_cache_middleware.rb:26:in `call'
  rack (1.5.2) lib/rack/lock.rb:17:in `call'
  actionpack (4.1.6) lib/action_dispatch/middleware/static.rb:64:in `call'
  rack (1.5.2) lib/rack/sendfile.rb:112:in `call'
  railties (4.1.6) lib/rails/engine.rb:514:in `call'
  railties (4.1.6) lib/rails/application.rb:144:in `call'
  rack (1.5.2) lib/rack/lock.rb:17:in `call'
  rack (1.5.2) lib/rack/content_length.rb:14:in `call'
  rack (1.5.2) lib/rack/handler/webrick.rb:60:in `service'
  /Users/clementchoi86/.rbenv/versions/2.1.2/lib/ruby/2.1.0/webrick/httpserver.rb:138:in `service'
  /Users/clementchoi86/.rbenv/versions/2.1.2/lib/ruby/2.1.0/webrick/httpserver.rb:94:in `run'
  /Users/clementchoi86/.rbenv/versions/2.1.2/lib/ruby/2.1.0/webrick/server.rb:295:in `block in start_thread'



Started POST "/__better_errors/b45531fb99b84e32/variables" for 127.0.0.1 at 2015-02-12 12:19:01 +0800


Started GET "/" for 127.0.0.1 at 2015-02-12 12:20:15 +0800
Processing by StaticPagesController#index as HTML
  Rendered static_pages/index.html within layouts/application (7.3ms)
Completed 200 OK in 4897ms (Views: 4603.0ms | ActiveRecord: 0.0ms)


Started GET "/assets/static_pages.css?body=1" for 127.0.0.1 at 2015-02-12 12:20:21 +0800


Started GET "/assets/turbolinks.js?body=1" for 127.0.0.1 at 2015-02-12 12:20:21 +0800


Started GET "/assets/static_pages.js?body=1" for 127.0.0.1 at 2015-02-12 12:20:21 +0800


Started GET "/assets/application.css?body=1" for 127.0.0.1 at 2015-02-12 12:20:21 +0800


Started GET "/assets/jquery.js?body=1" for 127.0.0.1 at 2015-02-12 12:20:21 +0800


Started GET "/assets/application.js?body=1" for 127.0.0.1 at 2015-02-12 12:20:21 +0800


Started GET "/assets/jquery_ujs.js?body=1" for 127.0.0.1 at 2015-02-12 12:20:21 +0800


Started GET "/" for 127.0.0.1 at 2015-02-12 12:46:58 +0800
Processing by StaticPagesController#index as HTML
  Rendered static_pages/index.html within layouts/application (2.7ms)
Completed 200 OK in 342ms (Views: 341.7ms | ActiveRecord: 0.0ms)


Started GET "/assets/static_pages.css?body=1" for 127.0.0.1 at 2015-02-12 12:46:59 +0800


Started GET "/assets/application.css?body=1" for 127.0.0.1 at 2015-02-12 12:46:59 +0800


Started GET "/" for 127.0.0.1 at 2015-02-12 12:51:09 +0800
Processing by StaticPagesController#index as HTML
  Rendered static_pages/index.html within layouts/application (0.5ms)
Completed 200 OK in 247ms (Views: 245.0ms | ActiveRecord: 0.0ms)


Started GET "/assets/application.css?body=1" for 127.0.0.1 at 2015-02-12 12:51:10 +0800


Started GET "/assets/static_pages.css?body=1" for 127.0.0.1 at 2015-02-12 12:51:10 +0800


Started GET "/" for 127.0.0.1 at 2015-02-12 12:51:33 +0800
Processing by StaticPagesController#index as HTML
  Rendered static_pages/index.html within layouts/application (3.3ms)
Completed 200 OK in 106ms (Views: 106.1ms | ActiveRecord: 0.0ms)


Started GET "/assets/application.css?body=1" for 127.0.0.1 at 2015-02-12 12:51:33 +0800


Started GET "/assets/static_pages.css?body=1" for 127.0.0.1 at 2015-02-12 12:51:33 +0800


Started GET "/" for 127.0.0.1 at 2015-02-12 12:54:52 +0800
Processing by StaticPagesController#index as HTML
Completed 500 Internal Server Error in 39ms

NameError - uninitialized constant StaticPagesController::User:
  activesupport (4.1.6) lib/active_support/dependencies.rb:519:in `load_missing_constant'
  activesupport (4.1.6) lib/active_support/dependencies.rb:180:in `const_missing'
  app/controllers/static_pages_controller.rb:3:in `index'
  actionpack (4.1.6) lib/action_controller/metal/implicit_render.rb:4:in `send_action'
  actionpack (4.1.6) lib/abstract_controller/base.rb:189:in `process_action'
  actionpack (4.1.6) lib/action_controller/metal/rendering.rb:10:in `process_action'
  actionpack (4.1.6) lib/abstract_controller/callbacks.rb:20:in `block in process_action'
  activesupport (4.1.6) lib/active_support/callbacks.rb:113:in `call'
  activesupport (4.1.6) lib/active_support/callbacks.rb:229:in `block in halting'
  activesupport (4.1.6) lib/active_support/callbacks.rb:166:in `block in halting'
  activesupport (4.1.6) lib/active_support/callbacks.rb:86:in `run_callbacks'
  actionpack (4.1.6) lib/abstract_controller/callbacks.rb:19:in `process_action'
  actionpack (4.1.6) lib/action_controller/metal/rescue.rb:29:in `process_action'
  actionpack (4.1.6) lib/action_controller/metal/instrumentation.rb:31:in `block in process_action'
  activesupport (4.1.6) lib/active_support/notifications.rb:159:in `block in instrument'
  activesupport (4.1.6) lib/active_support/notifications/instrumenter.rb:20:in `instrument'
  activesupport (4.1.6) lib/active_support/notifications.rb:159:in `instrument'
  actionpack (4.1.6) lib/action_controller/metal/instrumentation.rb:30:in `process_action'
  actionpack (4.1.6) lib/action_controller/metal/params_wrapper.rb:250:in `process_action'
  activerecord (4.1.6) lib/active_record/railties/controller_runtime.rb:18:in `process_action'
  actionpack (4.1.6) lib/abstract_controller/base.rb:136:in `process'
  actionview (4.1.6) lib/action_view/rendering.rb:30:in `process'
  actionpack (4.1.6) lib/action_controller/metal.rb:196:in `dispatch'
  actionpack (4.1.6) lib/action_controller/metal/rack_delegation.rb:13:in `dispatch'
  actionpack (4.1.6) lib/action_controller/metal.rb:232:in `block in action'
  actionpack (4.1.6) lib/action_dispatch/routing/route_set.rb:82:in `dispatch'
  actionpack (4.1.6) lib/action_dispatch/routing/route_set.rb:50:in `call'
  actionpack (4.1.6) lib/action_dispatch/journey/router.rb:73:in `block in call'
  actionpack (4.1.6) lib/action_dispatch/journey/router.rb:59:in `call'
  actionpack (4.1.6) lib/action_dispatch/routing/route_set.rb:678:in `call'
  warden (1.2.3) lib/warden/manager.rb:35:in `block in call'
  warden (1.2.3) lib/warden/manager.rb:34:in `call'
  rack (1.5.2) lib/rack/etag.rb:23:in `call'
  rack (1.5.2) lib/rack/conditionalget.rb:25:in `call'
  rack (1.5.2) lib/rack/head.rb:11:in `call'
  actionpack (4.1.6) lib/action_dispatch/middleware/params_parser.rb:27:in `call'
  actionpack (4.1.6) lib/action_dispatch/middleware/flash.rb:254:in `call'
  rack (1.5.2) lib/rack/session/abstract/id.rb:225:in `context'
  rack (1.5.2) lib/rack/session/abstract/id.rb:220:in `call'
  actionpack (4.1.6) lib/action_dispatch/middleware/cookies.rb:560:in `call'
  activerecord (4.1.6) lib/active_record/query_cache.rb:36:in `call'
  activerecord (4.1.6) lib/active_record/connection_adapters/abstract/connection_pool.rb:621:in `call'
  activerecord (4.1.6) lib/active_record/migration.rb:380:in `call'
  actionpack (4.1.6) lib/action_dispatch/middleware/callbacks.rb:29:in `block in call'
  activesupport (4.1.6) lib/active_support/callbacks.rb:82:in `run_callbacks'
  actionpack (4.1.6) lib/action_dispatch/middleware/callbacks.rb:27:in `call'
  actionpack (4.1.6) lib/action_dispatch/middleware/reloader.rb:73:in `call'
  actionpack (4.1.6) lib/action_dispatch/middleware/remote_ip.rb:76:in `call'
  better_errors (2.1.1) lib/better_errors/middleware.rb:84:in `protected_app_call'
  better_errors (2.1.1) lib/better_errors/middleware.rb:79:in `better_errors_call'
  better_errors (2.1.1) lib/better_errors/middleware.rb:57:in `call'
  actionpack (4.1.6) lib/action_dispatch/middleware/debug_exceptions.rb:17:in `call'
  actionpack (4.1.6) lib/action_dispatch/middleware/show_exceptions.rb:30:in `call'
  railties (4.1.6) lib/rails/rack/logger.rb:38:in `call_app'
  railties (4.1.6) lib/rails/rack/logger.rb:20:in `block in call'
  activesupport (4.1.6) lib/active_support/tagged_logging.rb:68:in `block in tagged'
  activesupport (4.1.6) lib/active_support/tagged_logging.rb:26:in `tagged'
  activesupport (4.1.6) lib/active_support/tagged_logging.rb:68:in `tagged'
  railties (4.1.6) lib/rails/rack/logger.rb:20:in `call'
  actionpack (4.1.6) lib/action_dispatch/middleware/request_id.rb:21:in `call'
  rack (1.5.2) lib/rack/methodoverride.rb:21:in `call'
  rack (1.5.2) lib/rack/runtime.rb:17:in `call'
  activesupport (4.1.6) lib/active_support/cache/strategy/local_cache_middleware.rb:26:in `call'
  rack (1.5.2) lib/rack/lock.rb:17:in `call'
  actionpack (4.1.6) lib/action_dispatch/middleware/static.rb:64:in `call'
  rack (1.5.2) lib/rack/sendfile.rb:112:in `call'
  railties (4.1.6) lib/rails/engine.rb:514:in `call'
  railties (4.1.6) lib/rails/application.rb:144:in `call'
  rack (1.5.2) lib/rack/lock.rb:17:in `call'
  rack (1.5.2) lib/rack/content_length.rb:14:in `call'
  rack (1.5.2) lib/rack/handler/webrick.rb:60:in `service'
  /Users/clementchoi86/.rbenv/versions/2.1.2/lib/ruby/2.1.0/webrick/httpserver.rb:138:in `service'
  /Users/clementchoi86/.rbenv/versions/2.1.2/lib/ruby/2.1.0/webrick/httpserver.rb:94:in `run'
  /Users/clementchoi86/.rbenv/versions/2.1.2/lib/ruby/2.1.0/webrick/server.rb:295:in `block in start_thread'



Started POST "/__better_errors/d29043eaa67269fe/variables" for 127.0.0.1 at 2015-02-12 12:54:53 +0800


Started GET "/" for 127.0.0.1 at 2015-02-12 12:55:09 +0800
Processing by StaticPagesController#index as HTML
  Rendered static_pages/index.html within layouts/application (1.1ms)
Completed 200 OK in 283ms (Views: 233.5ms | ActiveRecord: 0.0ms)


Started GET "/assets/application.css?body=1" for 127.0.0.1 at 2015-02-12 12:55:10 +0800


Started GET "/assets/static_pages.css?body=1" for 127.0.0.1 at 2015-02-12 12:55:10 +0800


Started GET "/" for 127.0.0.1 at 2015-02-12 13:02:53 +0800
Processing by StaticPagesController#index as HTML
  Rendered static_pages/index.html within layouts/application (0.4ms)
Completed 200 OK in 230ms (Views: 229.1ms | ActiveRecord: 0.0ms)


Started GET "/assets/static_pages.css?body=1" for 127.0.0.1 at 2015-02-12 13:02:53 +0800


Started GET "/assets/application.css?body=1" for 127.0.0.1 at 2015-02-12 13:02:53 +0800


Started GET "/assets/static_pages.css?body=1" for 127.0.0.1 at 2015-02-12 13:03:03 +0800


Started GET "/assets/application.css?body=1" for 127.0.0.1 at 2015-02-12 13:03:03 +0800


Started GET "/" for 127.0.0.1 at 2015-02-12 13:04:42 +0800
Processing by StaticPagesController#index as HTML
  Rendered static_pages/index.html within layouts/application (0.1ms)
Completed 200 OK in 213ms (Views: 212.9ms | ActiveRecord: 0.0ms)


Started GET "/assets/static_pages.css?body=1" for 127.0.0.1 at 2015-02-12 13:04:43 +0800


Started GET "/assets/application.css?body=1" for 127.0.0.1 at 2015-02-12 13:04:43 +0800


Started GET "/" for 127.0.0.1 at 2015-02-12 13:05:14 +0800
Processing by StaticPagesController#index as HTML
  Rendered static_pages/index.html within layouts/application (2.4ms)
Completed 200 OK in 271ms (Views: 270.1ms | ActiveRecord: 0.0ms)


Started GET "/assets/application.css?body=1" for 127.0.0.1 at 2015-02-12 13:05:15 +0800


Started GET "/assets/static_pages.css?body=1" for 127.0.0.1 at 2015-02-12 13:05:15 +0800


Started GET "/" for 127.0.0.1 at 2015-02-12 13:06:39 +0800
Processing by StaticPagesController#index as HTML
  Rendered static_pages/index.html within layouts/application (0.3ms)
Completed 500 Internal Server Error in 456ms

NoMethodError - undefined method `javascript_link_tag' for #<#<Class:0x007fe55a6ca8a8>:0x007fe55fb33228>:
  app/views/layouts/application.html.erb:6:in `_app_views_layouts_application_html_erb___4062029975575014381_70311564900060'
  actionview (4.1.6) lib/action_view/template.rb:145:in `block in render'
  activesupport (4.1.6) lib/active_support/notifications.rb:161:in `instrument'
  actionview (4.1.6) lib/action_view/template.rb:339:in `instrument'
  actionview (4.1.6) lib/action_view/template.rb:143:in `render'
  actionview (4.1.6) lib/action_view/renderer/template_renderer.rb:67:in `render_with_layout'
  actionview (4.1.6) lib/action_view/renderer/template_renderer.rb:53:in `render_template'
  actionview (4.1.6) lib/action_view/renderer/template_renderer.rb:17:in `render'
  actionview (4.1.6) lib/action_view/renderer/renderer.rb:42:in `render_template'
  actionview (4.1.6) lib/action_view/renderer/renderer.rb:23:in `render'
  actionview (4.1.6) lib/action_view/rendering.rb:99:in `_render_template'
  actionpack (4.1.6) lib/action_controller/metal/streaming.rb:217:in `_render_template'
  actionview (4.1.6) lib/action_view/rendering.rb:82:in `render_to_body'
  actionpack (4.1.6) lib/action_controller/metal/rendering.rb:32:in `render_to_body'
  actionpack (4.1.6) lib/action_controller/metal/renderers.rb:32:in `render_to_body'
  actionpack (4.1.6) lib/abstract_controller/rendering.rb:25:in `render'
  actionpack (4.1.6) lib/action_controller/metal/rendering.rb:16:in `render'
  actionpack (4.1.6) lib/action_controller/metal/instrumentation.rb:41:in `block (2 levels) in render'
  activesupport (4.1.6) lib/active_support/core_ext/benchmark.rb:12:in `block in ms'
  /Users/clementchoi86/.rbenv/versions/2.1.2/lib/ruby/2.1.0/benchmark.rb:294:in `realtime'
  activesupport (4.1.6) lib/active_support/core_ext/benchmark.rb:12:in `ms'
  actionpack (4.1.6) lib/action_controller/metal/instrumentation.rb:41:in `block in render'
  actionpack (4.1.6) lib/action_controller/metal/instrumentation.rb:84:in `cleanup_view_runtime'
  activerecord (4.1.6) lib/active_record/railties/controller_runtime.rb:25:in `cleanup_view_runtime'
  actionpack (4.1.6) lib/action_controller/metal/instrumentation.rb:40:in `render'
  actionpack (4.1.6) lib/action_controller/metal/implicit_render.rb:10:in `default_render'
  actionpack (4.1.6) lib/action_controller/metal/implicit_render.rb:5:in `send_action'
  actionpack (4.1.6) lib/abstract_controller/base.rb:189:in `process_action'
  actionpack (4.1.6) lib/action_controller/metal/rendering.rb:10:in `process_action'
  actionpack (4.1.6) lib/abstract_controller/callbacks.rb:20:in `block in process_action'
  activesupport (4.1.6) lib/active_support/callbacks.rb:113:in `call'
  activesupport (4.1.6) lib/active_support/callbacks.rb:229:in `block in halting'
  activesupport (4.1.6) lib/active_support/callbacks.rb:166:in `block in halting'
  activesupport (4.1.6) lib/active_support/callbacks.rb:86:in `run_callbacks'
  actionpack (4.1.6) lib/abstract_controller/callbacks.rb:19:in `process_action'
  actionpack (4.1.6) lib/action_controller/metal/rescue.rb:29:in `process_action'
  actionpack (4.1.6) lib/action_controller/metal/instrumentation.rb:31:in `block in process_action'
  activesupport (4.1.6) lib/active_support/notifications.rb:159:in `block in instrument'
  activesupport (4.1.6) lib/active_support/notifications/instrumenter.rb:20:in `instrument'
  activesupport (4.1.6) lib/active_support/notifications.rb:159:in `instrument'
  actionpack (4.1.6) lib/action_controller/metal/instrumentation.rb:30:in `process_action'
  actionpack (4.1.6) lib/action_controller/metal/params_wrapper.rb:250:in `process_action'
  activerecord (4.1.6) lib/active_record/railties/controller_runtime.rb:18:in `process_action'
  actionpack (4.1.6) lib/abstract_controller/base.rb:136:in `process'
  actionview (4.1.6) lib/action_view/rendering.rb:30:in `process'
  actionpack (4.1.6) lib/action_controller/metal.rb:196:in `dispatch'
  actionpack (4.1.6) lib/action_controller/metal/rack_delegation.rb:13:in `dispatch'
  actionpack (4.1.6) lib/action_controller/metal.rb:232:in `block in action'
  actionpack (4.1.6) lib/action_dispatch/routing/route_set.rb:82:in `dispatch'
  actionpack (4.1.6) lib/action_dispatch/routing/route_set.rb:50:in `call'
  actionpack (4.1.6) lib/action_dispatch/journey/router.rb:73:in `block in call'
  actionpack (4.1.6) lib/action_dispatch/journey/router.rb:59:in `call'
  actionpack (4.1.6) lib/action_dispatch/routing/route_set.rb:678:in `call'
  warden (1.2.3) lib/warden/manager.rb:35:in `block in call'
  warden (1.2.3) lib/warden/manager.rb:34:in `call'
  rack (1.5.2) lib/rack/etag.rb:23:in `call'
  rack (1.5.2) lib/rack/conditionalget.rb:25:in `call'
  rack (1.5.2) lib/rack/head.rb:11:in `call'
  actionpack (4.1.6) lib/action_dispatch/middleware/params_parser.rb:27:in `call'
  actionpack (4.1.6) lib/action_dispatch/middleware/flash.rb:254:in `call'
  rack (1.5.2) lib/rack/session/abstract/id.rb:225:in `context'
  rack (1.5.2) lib/rack/session/abstract/id.rb:220:in `call'
  actionpack (4.1.6) lib/action_dispatch/middleware/cookies.rb:560:in `call'
  activerecord (4.1.6) lib/active_record/query_cache.rb:36:in `call'
  activerecord (4.1.6) lib/active_record/connection_adapters/abstract/connection_pool.rb:621:in `call'
  activerecord (4.1.6) lib/active_record/migration.rb:380:in `call'
  actionpack (4.1.6) lib/action_dispatch/middleware/callbacks.rb:29:in `block in call'
  activesupport (4.1.6) lib/active_support/callbacks.rb:82:in `run_callbacks'
  actionpack (4.1.6) lib/action_dispatch/middleware/callbacks.rb:27:in `call'
  actionpack (4.1.6) lib/action_dispatch/middleware/reloader.rb:73:in `call'
  actionpack (4.1.6) lib/action_dispatch/middleware/remote_ip.rb:76:in `call'
  better_errors (2.1.1) lib/better_errors/middleware.rb:84:in `protected_app_call'
  better_errors (2.1.1) lib/better_errors/middleware.rb:79:in `better_errors_call'
  better_errors (2.1.1) lib/better_errors/middleware.rb:57:in `call'
  actionpack (4.1.6) lib/action_dispatch/middleware/debug_exceptions.rb:17:in `call'
  actionpack (4.1.6) lib/action_dispatch/middleware/show_exceptions.rb:30:in `call'
  railties (4.1.6) lib/rails/rack/logger.rb:38:in `call_app'
  railties (4.1.6) lib/rails/rack/logger.rb:20:in `block in call'
  activesupport (4.1.6) lib/active_support/tagged_logging.rb:68:in `block in tagged'
  activesupport (4.1.6) lib/active_support/tagged_logging.rb:26:in `tagged'
  activesupport (4.1.6) lib/active_support/tagged_logging.rb:68:in `tagged'
  railties (4.1.6) lib/rails/rack/logger.rb:20:in `call'
  actionpack (4.1.6) lib/action_dispatch/middleware/request_id.rb:21:in `call'
  rack (1.5.2) lib/rack/methodoverride.rb:21:in `call'
  rack (1.5.2) lib/rack/runtime.rb:17:in `call'
  activesupport (4.1.6) lib/active_support/cache/strategy/local_cache_middleware.rb:26:in `call'
  rack (1.5.2) lib/rack/lock.rb:17:in `call'
  actionpack (4.1.6) lib/action_dispatch/middleware/static.rb:64:in `call'
  rack (1.5.2) lib/rack/sendfile.rb:112:in `call'
  railties (4.1.6) lib/rails/engine.rb:514:in `call'
  railties (4.1.6) lib/rails/application.rb:144:in `call'
  rack (1.5.2) lib/rack/lock.rb:17:in `call'
  rack (1.5.2) lib/rack/content_length.rb:14:in `call'
  rack (1.5.2) lib/rack/handler/webrick.rb:60:in `service'
  /Users/clementchoi86/.rbenv/versions/2.1.2/lib/ruby/2.1.0/webrick/httpserver.rb:138:in `service'
  /Users/clementchoi86/.rbenv/versions/2.1.2/lib/ruby/2.1.0/webrick/httpserver.rb:94:in `run'
  /Users/clementchoi86/.rbenv/versions/2.1.2/lib/ruby/2.1.0/webrick/server.rb:295:in `block in start_thread'



Started POST "/__better_errors/bcef00faa203b2b3/variables" for 127.0.0.1 at 2015-02-12 13:06:40 +0800


Started GET "/" for 127.0.0.1 at 2015-02-12 13:07:15 +0800
Processing by StaticPagesController#index as HTML
  Rendered static_pages/index.html within layouts/application (0.6ms)
Completed 500 Internal Server Error in 951ms

Sprockets::FileNotFound - couldn't find file 'underscore'
  (in /Users/clementchoi86/Websites/hikehk/app/assets/javascripts/application.js:15):
  sprockets (2.12.3) lib/sprockets/context.rb:106:in `resolve'
  sprockets (2.12.3) lib/sprockets/context.rb:146:in `require_asset'
  sprockets (2.12.3) lib/sprockets/directive_processor.rb:217:in `process_require_directive'
  sprockets (2.12.3) lib/sprockets/directive_processor.rb:167:in `block in process_directives'
  sprockets (2.12.3) lib/sprockets/directive_processor.rb:165:in `process_directives'
  sprockets (2.12.3) lib/sprockets/directive_processor.rb:99:in `evaluate'
  tilt (1.4.1) lib/tilt/template.rb:103:in `render'
  sprockets (2.12.3) lib/sprockets/context.rb:197:in `block in evaluate'
  sprockets (2.12.3) lib/sprockets/context.rb:194:in `evaluate'
  sprockets (2.12.3) lib/sprockets/processed_asset.rb:12:in `initialize'
  sprockets (2.12.3) lib/sprockets/base.rb:374:in `block in build_asset'
  sprockets (2.12.3) lib/sprockets/base.rb:395:in `circular_call_protection'
  sprockets (2.12.3) lib/sprockets/base.rb:373:in `build_asset'
  sprockets (2.12.3) lib/sprockets/index.rb:94:in `block in build_asset'
  sprockets (2.12.3) lib/sprockets/caching.rb:58:in `cache_asset'
  sprockets (2.12.3) lib/sprockets/index.rb:93:in `build_asset'
  sprockets (2.12.3) lib/sprockets/base.rb:287:in `find_asset'
  sprockets (2.12.3) lib/sprockets/index.rb:61:in `find_asset'
  sprockets (2.12.3) lib/sprockets/bundled_asset.rb:37:in `init_with'
  sprockets (2.12.3) lib/sprockets/asset.rb:24:in `from_hash'
  sprockets (2.12.3) lib/sprockets/caching.rb:54:in `cache_asset'
  sprockets (2.12.3) lib/sprockets/index.rb:93:in `build_asset'
  sprockets (2.12.3) lib/sprockets/base.rb:287:in `find_asset'
  sprockets (2.12.3) lib/sprockets/index.rb:61:in `find_asset'
  sprockets (2.12.3) lib/sprockets/environment.rb:75:in `find_asset'
  sprockets (2.12.3) lib/sprockets/base.rb:295:in `[]'
  sprockets-rails (2.2.4) lib/sprockets/rails/helper.rb:230:in `lookup_asset_for_path'
  sprockets-rails (2.2.4) lib/sprockets/rails/helper.rb:190:in `check_errors_for'
  sprockets-rails (2.2.4) lib/sprockets/rails/helper.rb:137:in `block in javascript_include_tag'
  sprockets-rails (2.2.4) lib/sprockets/rails/helper.rb:136:in `javascript_include_tag'
  app/views/layouts/application.html.erb:6:in `_app_views_layouts_application_html_erb___4062029975575014381_70311551909600'
  actionview (4.1.6) lib/action_view/template.rb:145:in `block in render'
  activesupport (4.1.6) lib/active_support/notifications.rb:161:in `instrument'
  actionview (4.1.6) lib/action_view/template.rb:339:in `instrument'
  actionview (4.1.6) lib/action_view/template.rb:143:in `render'
  actionview (4.1.6) lib/action_view/renderer/template_renderer.rb:67:in `render_with_layout'
  actionview (4.1.6) lib/action_view/renderer/template_renderer.rb:53:in `render_template'
  actionview (4.1.6) lib/action_view/renderer/template_renderer.rb:17:in `render'
  actionview (4.1.6) lib/action_view/renderer/renderer.rb:42:in `render_template'
  actionview (4.1.6) lib/action_view/renderer/renderer.rb:23:in `render'
  actionview (4.1.6) lib/action_view/rendering.rb:99:in `_render_template'
  actionpack (4.1.6) lib/action_controller/metal/streaming.rb:217:in `_render_template'
  actionview (4.1.6) lib/action_view/rendering.rb:82:in `render_to_body'
  actionpack (4.1.6) lib/action_controller/metal/rendering.rb:32:in `render_to_body'
  actionpack (4.1.6) lib/action_controller/metal/renderers.rb:32:in `render_to_body'
  actionpack (4.1.6) lib/abstract_controller/rendering.rb:25:in `render'
  actionpack (4.1.6) lib/action_controller/metal/rendering.rb:16:in `render'
  actionpack (4.1.6) lib/action_controller/metal/instrumentation.rb:41:in `block (2 levels) in render'
  activesupport (4.1.6) lib/active_support/core_ext/benchmark.rb:12:in `block in ms'
  /Users/clementchoi86/.rbenv/versions/2.1.2/lib/ruby/2.1.0/benchmark.rb:294:in `realtime'
  activesupport (4.1.6) lib/active_support/core_ext/benchmark.rb:12:in `ms'
  actionpack (4.1.6) lib/action_controller/metal/instrumentation.rb:41:in `block in render'
  actionpack (4.1.6) lib/action_controller/metal/instrumentation.rb:84:in `cleanup_view_runtime'
  activerecord (4.1.6) lib/active_record/railties/controller_runtime.rb:25:in `cleanup_view_runtime'
  actionpack (4.1.6) lib/action_controller/metal/instrumentation.rb:40:in `render'
  actionpack (4.1.6) lib/action_controller/metal/implicit_render.rb:10:in `default_render'
  actionpack (4.1.6) lib/action_controller/metal/implicit_render.rb:5:in `send_action'
  actionpack (4.1.6) lib/abstract_controller/base.rb:189:in `process_action'
  actionpack (4.1.6) lib/action_controller/metal/rendering.rb:10:in `process_action'
  actionpack (4.1.6) lib/abstract_controller/callbacks.rb:20:in `block in process_action'
  activesupport (4.1.6) lib/active_support/callbacks.rb:113:in `call'
  activesupport (4.1.6) lib/active_support/callbacks.rb:229:in `block in halting'
  activesupport (4.1.6) lib/active_support/callbacks.rb:166:in `block in halting'
  activesupport (4.1.6) lib/active_support/callbacks.rb:86:in `run_callbacks'
  actionpack (4.1.6) lib/abstract_controller/callbacks.rb:19:in `process_action'
  actionpack (4.1.6) lib/action_controller/metal/rescue.rb:29:in `process_action'
  actionpack (4.1.6) lib/action_controller/metal/instrumentation.rb:31:in `block in process_action'
  activesupport (4.1.6) lib/active_support/notifications.rb:159:in `block in instrument'
  activesupport (4.1.6) lib/active_support/notifications/instrumenter.rb:20:in `instrument'
  activesupport (4.1.6) lib/active_support/notifications.rb:159:in `instrument'
  actionpack (4.1.6) lib/action_controller/metal/instrumentation.rb:30:in `process_action'
  actionpack (4.1.6) lib/action_controller/metal/params_wrapper.rb:250:in `process_action'
  activerecord (4.1.6) lib/active_record/railties/controller_runtime.rb:18:in `process_action'
  actionpack (4.1.6) lib/abstract_controller/base.rb:136:in `process'
  actionview (4.1.6) lib/action_view/rendering.rb:30:in `process'
  actionpack (4.1.6) lib/action_controller/metal.rb:196:in `dispatch'
  actionpack (4.1.6) lib/action_controller/metal/rack_delegation.rb:13:in `dispatch'
  actionpack (4.1.6) lib/action_controller/metal.rb:232:in `block in action'
  actionpack (4.1.6) lib/action_dispatch/routing/route_set.rb:82:in `dispatch'
  actionpack (4.1.6) lib/action_dispatch/routing/route_set.rb:50:in `call'
  actionpack (4.1.6) lib/action_dispatch/journey/router.rb:73:in `block in call'
  actionpack (4.1.6) lib/action_dispatch/journey/router.rb:59:in `call'
  actionpack (4.1.6) lib/action_dispatch/routing/route_set.rb:678:in `call'
  warden (1.2.3) lib/warden/manager.rb:35:in `block in call'
  warden (1.2.3) lib/warden/manager.rb:34:in `call'
  rack (1.5.2) lib/rack/etag.rb:23:in `call'
  rack (1.5.2) lib/rack/conditionalget.rb:25:in `call'
  rack (1.5.2) lib/rack/head.rb:11:in `call'
  actionpack (4.1.6) lib/action_dispatch/middleware/params_parser.rb:27:in `call'
  actionpack (4.1.6) lib/action_dispatch/middleware/flash.rb:254:in `call'
  rack (1.5.2) lib/rack/session/abstract/id.rb:225:in `context'
  rack (1.5.2) lib/rack/session/abstract/id.rb:220:in `call'
  actionpack (4.1.6) lib/action_dispatch/middleware/cookies.rb:560:in `call'
  activerecord (4.1.6) lib/active_record/query_cache.rb:36:in `call'
  activerecord (4.1.6) lib/active_record/connection_adapters/abstract/connection_pool.rb:621:in `call'
  activerecord (4.1.6) lib/active_record/migration.rb:380:in `call'
  actionpack (4.1.6) lib/action_dispatch/middleware/callbacks.rb:29:in `block in call'
  activesupport (4.1.6) lib/active_support/callbacks.rb:82:in `run_callbacks'
  actionpack (4.1.6) lib/action_dispatch/middleware/callbacks.rb:27:in `call'
  actionpack (4.1.6) lib/action_dispatch/middleware/reloader.rb:73:in `call'
  actionpack (4.1.6) lib/action_dispatch/middleware/remote_ip.rb:76:in `call'
  better_errors (2.1.1) lib/better_errors/middleware.rb:84:in `protected_app_call'
  better_errors (2.1.1) lib/better_errors/middleware.rb:79:in `better_errors_call'
  better_errors (2.1.1) lib/better_errors/middleware.rb:57:in `call'
  actionpack (4.1.6) lib/action_dispatch/middleware/debug_exceptions.rb:17:in `call'
  actionpack (4.1.6) lib/action_dispatch/middleware/show_exceptions.rb:30:in `call'
  railties (4.1.6) lib/rails/rack/logger.rb:38:in `call_app'
  railties (4.1.6) lib/rails/rack/logger.rb:20:in `block in call'
  activesupport (4.1.6) lib/active_support/tagged_logging.rb:68:in `block in tagged'
  activesupport (4.1.6) lib/active_support/tagged_logging.rb:26:in `tagged'
  activesupport (4.1.6) lib/active_support/tagged_logging.rb:68:in `tagged'
  railties (4.1.6) lib/rails/rack/logger.rb:20:in `call'
  actionpack (4.1.6) lib/action_dispatch/middleware/request_id.rb:21:in `call'
  rack (1.5.2) lib/rack/methodoverride.rb:21:in `call'
  rack (1.5.2) lib/rack/runtime.rb:17:in `call'
  activesupport (4.1.6) lib/active_support/cache/strategy/local_cache_middleware.rb:26:in `call'
  rack (1.5.2) lib/rack/lock.rb:17:in `call'
  actionpack (4.1.6) lib/action_dispatch/middleware/static.rb:64:in `call'
  rack (1.5.2) lib/rack/sendfile.rb:112:in `call'
  railties (4.1.6) lib/rails/engine.rb:514:in `call'
  railties (4.1.6) lib/rails/application.rb:144:in `call'
  rack (1.5.2) lib/rack/lock.rb:17:in `call'
  rack (1.5.2) lib/rack/content_length.rb:14:in `call'
  rack (1.5.2) lib/rack/handler/webrick.rb:60:in `service'
  /Users/clementchoi86/.rbenv/versions/2.1.2/lib/ruby/2.1.0/webrick/httpserver.rb:138:in `service'
  /Users/clementchoi86/.rbenv/versions/2.1.2/lib/ruby/2.1.0/webrick/httpserver.rb:94:in `run'
  /Users/clementchoi86/.rbenv/versions/2.1.2/lib/ruby/2.1.0/webrick/server.rb:295:in `block in start_thread'



Started POST "/__better_errors/8674ffe08fe00312/variables" for 127.0.0.1 at 2015-02-12 13:07:17 +0800


Started GET "/" for 127.0.0.1 at 2015-02-12 13:07:43 +0800
Processing by StaticPagesController#index as HTML
  Rendered static_pages/index.html within layouts/application (0.1ms)
Completed 500 Internal Server Error in 224ms

Sprockets::FileNotFound - couldn't find file 'underscore'
  (in /Users/clementchoi86/Websites/hikehk/app/assets/javascripts/application.js:15):
  sprockets (2.12.3) lib/sprockets/context.rb:106:in `resolve'
  sprockets (2.12.3) lib/sprockets/context.rb:146:in `require_asset'
  sprockets (2.12.3) lib/sprockets/directive_processor.rb:217:in `process_require_directive'
  sprockets (2.12.3) lib/sprockets/directive_processor.rb:167:in `block in process_directives'
  sprockets (2.12.3) lib/sprockets/directive_processor.rb:165:in `process_directives'
  sprockets (2.12.3) lib/sprockets/directive_processor.rb:99:in `evaluate'
  tilt (1.4.1) lib/tilt/template.rb:103:in `render'
  sprockets (2.12.3) lib/sprockets/context.rb:197:in `block in evaluate'
  sprockets (2.12.3) lib/sprockets/context.rb:194:in `evaluate'
  sprockets (2.12.3) lib/sprockets/processed_asset.rb:12:in `initialize'
  sprockets (2.12.3) lib/sprockets/base.rb:374:in `block in build_asset'
  sprockets (2.12.3) lib/sprockets/base.rb:395:in `circular_call_protection'
  sprockets (2.12.3) lib/sprockets/base.rb:373:in `build_asset'
  sprockets (2.12.3) lib/sprockets/index.rb:94:in `block in build_asset'
  sprockets (2.12.3) lib/sprockets/caching.rb:58:in `cache_asset'
  sprockets (2.12.3) lib/sprockets/index.rb:93:in `build_asset'
  sprockets (2.12.3) lib/sprockets/base.rb:287:in `find_asset'
  sprockets (2.12.3) lib/sprockets/index.rb:61:in `find_asset'
  sprockets (2.12.3) lib/sprockets/bundled_asset.rb:37:in `init_with'
  sprockets (2.12.3) lib/sprockets/asset.rb:24:in `from_hash'
  sprockets (2.12.3) lib/sprockets/caching.rb:54:in `cache_asset'
  sprockets (2.12.3) lib/sprockets/index.rb:93:in `build_asset'
  sprockets (2.12.3) lib/sprockets/base.rb:287:in `find_asset'
  sprockets (2.12.3) lib/sprockets/index.rb:61:in `find_asset'
  sprockets (2.12.3) lib/sprockets/environment.rb:75:in `find_asset'
  sprockets (2.12.3) lib/sprockets/base.rb:295:in `[]'
  sprockets-rails (2.2.4) lib/sprockets/rails/helper.rb:230:in `lookup_asset_for_path'
  sprockets-rails (2.2.4) lib/sprockets/rails/helper.rb:190:in `check_errors_for'
  sprockets-rails (2.2.4) lib/sprockets/rails/helper.rb:137:in `block in javascript_include_tag'
  sprockets-rails (2.2.4) lib/sprockets/rails/helper.rb:136:in `javascript_include_tag'
  app/views/layouts/application.html.erb:6:in `_app_views_layouts_application_html_erb___4062029975575014381_70311535288480'
  actionview (4.1.6) lib/action_view/template.rb:145:in `block in render'
  activesupport (4.1.6) lib/active_support/notifications.rb:161:in `instrument'
  actionview (4.1.6) lib/action_view/template.rb:339:in `instrument'
  actionview (4.1.6) lib/action_view/template.rb:143:in `render'
  actionview (4.1.6) lib/action_view/renderer/template_renderer.rb:67:in `render_with_layout'
  actionview (4.1.6) lib/action_view/renderer/template_renderer.rb:53:in `render_template'
  actionview (4.1.6) lib/action_view/renderer/template_renderer.rb:17:in `render'
  actionview (4.1.6) lib/action_view/renderer/renderer.rb:42:in `render_template'
  actionview (4.1.6) lib/action_view/renderer/renderer.rb:23:in `render'
  actionview (4.1.6) lib/action_view/rendering.rb:99:in `_render_template'
  actionpack (4.1.6) lib/action_controller/metal/streaming.rb:217:in `_render_template'
  actionview (4.1.6) lib/action_view/rendering.rb:82:in `render_to_body'
  actionpack (4.1.6) lib/action_controller/metal/rendering.rb:32:in `render_to_body'
  actionpack (4.1.6) lib/action_controller/metal/renderers.rb:32:in `render_to_body'
  actionpack (4.1.6) lib/abstract_controller/rendering.rb:25:in `render'
  actionpack (4.1.6) lib/action_controller/metal/rendering.rb:16:in `render'
  actionpack (4.1.6) lib/action_controller/metal/instrumentation.rb:41:in `block (2 levels) in render'
  activesupport (4.1.6) lib/active_support/core_ext/benchmark.rb:12:in `block in ms'
  /Users/clementchoi86/.rbenv/versions/2.1.2/lib/ruby/2.1.0/benchmark.rb:294:in `realtime'
  activesupport (4.1.6) lib/active_support/core_ext/benchmark.rb:12:in `ms'
  actionpack (4.1.6) lib/action_controller/metal/instrumentation.rb:41:in `block in render'
  actionpack (4.1.6) lib/action_controller/metal/instrumentation.rb:84:in `cleanup_view_runtime'
  activerecord (4.1.6) lib/active_record/railties/controller_runtime.rb:25:in `cleanup_view_runtime'
  actionpack (4.1.6) lib/action_controller/metal/instrumentation.rb:40:in `render'
  actionpack (4.1.6) lib/action_controller/metal/implicit_render.rb:10:in `default_render'
  actionpack (4.1.6) lib/action_controller/metal/implicit_render.rb:5:in `send_action'
  actionpack (4.1.6) lib/abstract_controller/base.rb:189:in `process_action'
  actionpack (4.1.6) lib/action_controller/metal/rendering.rb:10:in `process_action'
  actionpack (4.1.6) lib/abstract_controller/callbacks.rb:20:in `block in process_action'
  activesupport (4.1.6) lib/active_support/callbacks.rb:113:in `call'
  activesupport (4.1.6) lib/active_support/callbacks.rb:229:in `block in halting'
  activesupport (4.1.6) lib/active_support/callbacks.rb:166:in `block in halting'
  activesupport (4.1.6) lib/active_support/callbacks.rb:86:in `run_callbacks'
  actionpack (4.1.6) lib/abstract_controller/callbacks.rb:19:in `process_action'
  actionpack (4.1.6) lib/action_controller/metal/rescue.rb:29:in `process_action'
  actionpack (4.1.6) lib/action_controller/metal/instrumentation.rb:31:in `block in process_action'
  activesupport (4.1.6) lib/active_support/notifications.rb:159:in `block in instrument'
  activesupport (4.1.6) lib/active_support/notifications/instrumenter.rb:20:in `instrument'
  activesupport (4.1.6) lib/active_support/notifications.rb:159:in `instrument'
  actionpack (4.1.6) lib/action_controller/metal/instrumentation.rb:30:in `process_action'
  actionpack (4.1.6) lib/action_controller/metal/params_wrapper.rb:250:in `process_action'
  activerecord (4.1.6) lib/active_record/railties/controller_runtime.rb:18:in `process_action'
  actionpack (4.1.6) lib/abstract_controller/base.rb:136:in `process'
  actionview (4.1.6) lib/action_view/rendering.rb:30:in `process'
  actionpack (4.1.6) lib/action_controller/metal.rb:196:in `dispatch'
  actionpack (4.1.6) lib/action_controller/metal/rack_delegation.rb:13:in `dispatch'
  actionpack (4.1.6) lib/action_controller/metal.rb:232:in `block in action'
  actionpack (4.1.6) lib/action_dispatch/routing/route_set.rb:82:in `dispatch'
  actionpack (4.1.6) lib/action_dispatch/routing/route_set.rb:50:in `call'
  actionpack (4.1.6) lib/action_dispatch/journey/router.rb:73:in `block in call'
  actionpack (4.1.6) lib/action_dispatch/journey/router.rb:59:in `call'
  actionpack (4.1.6) lib/action_dispatch/routing/route_set.rb:678:in `call'
  warden (1.2.3) lib/warden/manager.rb:35:in `block in call'
  warden (1.2.3) lib/warden/manager.rb:34:in `call'
  rack (1.5.2) lib/rack/etag.rb:23:in `call'
  rack (1.5.2) lib/rack/conditionalget.rb:25:in `call'
  rack (1.5.2) lib/rack/head.rb:11:in `call'
  actionpack (4.1.6) lib/action_dispatch/middleware/params_parser.rb:27:in `call'
  actionpack (4.1.6) lib/action_dispatch/middleware/flash.rb:254:in `call'
  rack (1.5.2) lib/rack/session/abstract/id.rb:225:in `context'
  rack (1.5.2) lib/rack/session/abstract/id.rb:220:in `call'
  actionpack (4.1.6) lib/action_dispatch/middleware/cookies.rb:560:in `call'
  activerecord (4.1.6) lib/active_record/query_cache.rb:36:in `call'
  activerecord (4.1.6) lib/active_record/connection_adapters/abstract/connection_pool.rb:621:in `call'
  activerecord (4.1.6) lib/active_record/migration.rb:380:in `call'
  actionpack (4.1.6) lib/action_dispatch/middleware/callbacks.rb:29:in `block in call'
  activesupport (4.1.6) lib/active_support/callbacks.rb:82:in `run_callbacks'
  actionpack (4.1.6) lib/action_dispatch/middleware/callbacks.rb:27:in `call'
  actionpack (4.1.6) lib/action_dispatch/middleware/reloader.rb:73:in `call'
  actionpack (4.1.6) lib/action_dispatch/middleware/remote_ip.rb:76:in `call'
  better_errors (2.1.1) lib/better_errors/middleware.rb:84:in `protected_app_call'
  better_errors (2.1.1) lib/better_errors/middleware.rb:79:in `better_errors_call'
  better_errors (2.1.1) lib/better_errors/middleware.rb:57:in `call'
  actionpack (4.1.6) lib/action_dispatch/middleware/debug_exceptions.rb:17:in `call'
  actionpack (4.1.6) lib/action_dispatch/middleware/show_exceptions.rb:30:in `call'
  railties (4.1.6) lib/rails/rack/logger.rb:38:in `call_app'
  railties (4.1.6) lib/rails/rack/logger.rb:20:in `block in call'
  activesupport (4.1.6) lib/active_support/tagged_logging.rb:68:in `block in tagged'
  activesupport (4.1.6) lib/active_support/tagged_logging.rb:26:in `tagged'
  activesupport (4.1.6) lib/active_support/tagged_logging.rb:68:in `tagged'
  railties (4.1.6) lib/rails/rack/logger.rb:20:in `call'
  actionpack (4.1.6) lib/action_dispatch/middleware/request_id.rb:21:in `call'
  rack (1.5.2) lib/rack/methodoverride.rb:21:in `call'
  rack (1.5.2) lib/rack/runtime.rb:17:in `call'
  activesupport (4.1.6) lib/active_support/cache/strategy/local_cache_middleware.rb:26:in `call'
  rack (1.5.2) lib/rack/lock.rb:17:in `call'
  actionpack (4.1.6) lib/action_dispatch/middleware/static.rb:64:in `call'
  rack (1.5.2) lib/rack/sendfile.rb:112:in `call'
  railties (4.1.6) lib/rails/engine.rb:514:in `call'
  railties (4.1.6) lib/rails/application.rb:144:in `call'
  rack (1.5.2) lib/rack/lock.rb:17:in `call'
  rack (1.5.2) lib/rack/content_length.rb:14:in `call'
  rack (1.5.2) lib/rack/handler/webrick.rb:60:in `service'
  /Users/clementchoi86/.rbenv/versions/2.1.2/lib/ruby/2.1.0/webrick/httpserver.rb:138:in `service'
  /Users/clementchoi86/.rbenv/versions/2.1.2/lib/ruby/2.1.0/webrick/httpserver.rb:94:in `run'
  /Users/clementchoi86/.rbenv/versions/2.1.2/lib/ruby/2.1.0/webrick/server.rb:295:in `block in start_thread'



Started POST "/__better_errors/b2bfd892bab078a2/variables" for 127.0.0.1 at 2015-02-12 13:07:43 +0800


Started GET "/" for 127.0.0.1 at 2015-02-12 13:09:40 +0800
Processing by StaticPagesController#index as HTML
  Rendered static_pages/index.html within layouts/application (0.7ms)
Completed 500 Internal Server Error in 493ms

Sprockets::FileNotFound - couldn't find file 'underscore'
  (in /Users/clementchoi86/Websites/hikehk/app/assets/javascripts/application.js:15):
  sprockets (2.12.3) lib/sprockets/context.rb:106:in `resolve'
  sprockets (2.12.3) lib/sprockets/context.rb:146:in `require_asset'
  sprockets (2.12.3) lib/sprockets/directive_processor.rb:217:in `process_require_directive'
  sprockets (2.12.3) lib/sprockets/directive_processor.rb:167:in `block in process_directives'
  sprockets (2.12.3) lib/sprockets/directive_processor.rb:165:in `process_directives'
  sprockets (2.12.3) lib/sprockets/directive_processor.rb:99:in `evaluate'
  tilt (1.4.1) lib/tilt/template.rb:103:in `render'
  sprockets (2.12.3) lib/sprockets/context.rb:197:in `block in evaluate'
  sprockets (2.12.3) lib/sprockets/context.rb:194:in `evaluate'
  sprockets (2.12.3) lib/sprockets/processed_asset.rb:12:in `initialize'
  sprockets (2.12.3) lib/sprockets/base.rb:374:in `block in build_asset'
  sprockets (2.12.3) lib/sprockets/base.rb:395:in `circular_call_protection'
  sprockets (2.12.3) lib/sprockets/base.rb:373:in `build_asset'
  sprockets (2.12.3) lib/sprockets/index.rb:94:in `block in build_asset'
  sprockets (2.12.3) lib/sprockets/caching.rb:58:in `cache_asset'
  sprockets (2.12.3) lib/sprockets/index.rb:93:in `build_asset'
  sprockets (2.12.3) lib/sprockets/base.rb:287:in `find_asset'
  sprockets (2.12.3) lib/sprockets/index.rb:61:in `find_asset'
  sprockets (2.12.3) lib/sprockets/bundled_asset.rb:37:in `init_with'
  sprockets (2.12.3) lib/sprockets/asset.rb:24:in `from_hash'
  sprockets (2.12.3) lib/sprockets/caching.rb:54:in `cache_asset'
  sprockets (2.12.3) lib/sprockets/index.rb:93:in `build_asset'
  sprockets (2.12.3) lib/sprockets/base.rb:287:in `find_asset'
  sprockets (2.12.3) lib/sprockets/index.rb:61:in `find_asset'
  sprockets (2.12.3) lib/sprockets/environment.rb:75:in `find_asset'
  sprockets (2.12.3) lib/sprockets/base.rb:295:in `[]'
  sprockets-rails (2.2.4) lib/sprockets/rails/helper.rb:230:in `lookup_asset_for_path'
  sprockets-rails (2.2.4) lib/sprockets/rails/helper.rb:190:in `check_errors_for'
  sprockets-rails (2.2.4) lib/sprockets/rails/helper.rb:137:in `block in javascript_include_tag'
  sprockets-rails (2.2.4) lib/sprockets/rails/helper.rb:136:in `javascript_include_tag'
  app/views/layouts/application.html.erb:6:in `_app_views_layouts_application_html_erb___4062029975575014381_70311535288480'
  actionview (4.1.6) lib/action_view/template.rb:145:in `block in render'
  activesupport (4.1.6) lib/active_support/notifications.rb:161:in `instrument'
  actionview (4.1.6) lib/action_view/template.rb:339:in `instrument'
  actionview (4.1.6) lib/action_view/template.rb:143:in `render'
  actionview (4.1.6) lib/action_view/renderer/template_renderer.rb:67:in `render_with_layout'
  actionview (4.1.6) lib/action_view/renderer/template_renderer.rb:53:in `render_template'
  actionview (4.1.6) lib/action_view/renderer/template_renderer.rb:17:in `render'
  actionview (4.1.6) lib/action_view/renderer/renderer.rb:42:in `render_template'
  actionview (4.1.6) lib/action_view/renderer/renderer.rb:23:in `render'
  actionview (4.1.6) lib/action_view/rendering.rb:99:in `_render_template'
  actionpack (4.1.6) lib/action_controller/metal/streaming.rb:217:in `_render_template'
  actionview (4.1.6) lib/action_view/rendering.rb:82:in `render_to_body'
  actionpack (4.1.6) lib/action_controller/metal/rendering.rb:32:in `render_to_body'
  actionpack (4.1.6) lib/action_controller/metal/renderers.rb:32:in `render_to_body'
  actionpack (4.1.6) lib/abstract_controller/rendering.rb:25:in `render'
  actionpack (4.1.6) lib/action_controller/metal/rendering.rb:16:in `render'
  actionpack (4.1.6) lib/action_controller/metal/instrumentation.rb:41:in `block (2 levels) in render'
  activesupport (4.1.6) lib/active_support/core_ext/benchmark.rb:12:in `block in ms'
  /Users/clementchoi86/.rbenv/versions/2.1.2/lib/ruby/2.1.0/benchmark.rb:294:in `realtime'
  activesupport (4.1.6) lib/active_support/core_ext/benchmark.rb:12:in `ms'
  actionpack (4.1.6) lib/action_controller/metal/instrumentation.rb:41:in `block in render'
  actionpack (4.1.6) lib/action_controller/metal/instrumentation.rb:84:in `cleanup_view_runtime'
  activerecord (4.1.6) lib/active_record/railties/controller_runtime.rb:25:in `cleanup_view_runtime'
  actionpack (4.1.6) lib/action_controller/metal/instrumentation.rb:40:in `render'
  actionpack (4.1.6) lib/action_controller/metal/implicit_render.rb:10:in `default_render'
  actionpack (4.1.6) lib/action_controller/metal/implicit_render.rb:5:in `send_action'
  actionpack (4.1.6) lib/abstract_controller/base.rb:189:in `process_action'
  actionpack (4.1.6) lib/action_controller/metal/rendering.rb:10:in `process_action'
  actionpack (4.1.6) lib/abstract_controller/callbacks.rb:20:in `block in process_action'
  activesupport (4.1.6) lib/active_support/callbacks.rb:113:in `call'
  activesupport (4.1.6) lib/active_support/callbacks.rb:229:in `block in halting'
  activesupport (4.1.6) lib/active_support/callbacks.rb:166:in `block in halting'
  activesupport (4.1.6) lib/active_support/callbacks.rb:86:in `run_callbacks'
  actionpack (4.1.6) lib/abstract_controller/callbacks.rb:19:in `process_action'
  actionpack (4.1.6) lib/action_controller/metal/rescue.rb:29:in `process_action'
  actionpack (4.1.6) lib/action_controller/metal/instrumentation.rb:31:in `block in process_action'
  activesupport (4.1.6) lib/active_support/notifications.rb:159:in `block in instrument'
  activesupport (4.1.6) lib/active_support/notifications/instrumenter.rb:20:in `instrument'
  activesupport (4.1.6) lib/active_support/notifications.rb:159:in `instrument'
  actionpack (4.1.6) lib/action_controller/metal/instrumentation.rb:30:in `process_action'
  actionpack (4.1.6) lib/action_controller/metal/params_wrapper.rb:250:in `process_action'
  activerecord (4.1.6) lib/active_record/railties/controller_runtime.rb:18:in `process_action'
  actionpack (4.1.6) lib/abstract_controller/base.rb:136:in `process'
  actionview (4.1.6) lib/action_view/rendering.rb:30:in `process'
  actionpack (4.1.6) lib/action_controller/metal.rb:196:in `dispatch'
  actionpack (4.1.6) lib/action_controller/metal/rack_delegation.rb:13:in `dispatch'
  actionpack (4.1.6) lib/action_controller/metal.rb:232:in `block in action'
  actionpack (4.1.6) lib/action_dispatch/routing/route_set.rb:82:in `dispatch'
  actionpack (4.1.6) lib/action_dispatch/routing/route_set.rb:50:in `call'
  actionpack (4.1.6) lib/action_dispatch/journey/router.rb:73:in `block in call'
  actionpack (4.1.6) lib/action_dispatch/journey/router.rb:59:in `call'
  actionpack (4.1.6) lib/action_dispatch/routing/route_set.rb:678:in `call'
  warden (1.2.3) lib/warden/manager.rb:35:in `block in call'
  warden (1.2.3) lib/warden/manager.rb:34:in `call'
  rack (1.5.2) lib/rack/etag.rb:23:in `call'
  rack (1.5.2) lib/rack/conditionalget.rb:25:in `call'
  rack (1.5.2) lib/rack/head.rb:11:in `call'
  actionpack (4.1.6) lib/action_dispatch/middleware/params_parser.rb:27:in `call'
  actionpack (4.1.6) lib/action_dispatch/middleware/flash.rb:254:in `call'
  rack (1.5.2) lib/rack/session/abstract/id.rb:225:in `context'
  rack (1.5.2) lib/rack/session/abstract/id.rb:220:in `call'
  actionpack (4.1.6) lib/action_dispatch/middleware/cookies.rb:560:in `call'
  activerecord (4.1.6) lib/active_record/query_cache.rb:36:in `call'
  activerecord (4.1.6) lib/active_record/connection_adapters/abstract/connection_pool.rb:621:in `call'
  activerecord (4.1.6) lib/active_record/migration.rb:380:in `call'
  actionpack (4.1.6) lib/action_dispatch/middleware/callbacks.rb:29:in `block in call'
  activesupport (4.1.6) lib/active_support/callbacks.rb:82:in `run_callbacks'
  actionpack (4.1.6) lib/action_dispatch/middleware/callbacks.rb:27:in `call'
  actionpack (4.1.6) lib/action_dispatch/middleware/reloader.rb:73:in `call'
  actionpack (4.1.6) lib/action_dispatch/middleware/remote_ip.rb:76:in `call'
  better_errors (2.1.1) lib/better_errors/middleware.rb:84:in `protected_app_call'
  better_errors (2.1.1) lib/better_errors/middleware.rb:79:in `better_errors_call'
  better_errors (2.1.1) lib/better_errors/middleware.rb:57:in `call'
  actionpack (4.1.6) lib/action_dispatch/middleware/debug_exceptions.rb:17:in `call'
  actionpack (4.1.6) lib/action_dispatch/middleware/show_exceptions.rb:30:in `call'
  railties (4.1.6) lib/rails/rack/logger.rb:38:in `call_app'
  railties (4.1.6) lib/rails/rack/logger.rb:20:in `block in call'
  activesupport (4.1.6) lib/active_support/tagged_logging.rb:68:in `block in tagged'
  activesupport (4.1.6) lib/active_support/tagged_logging.rb:26:in `tagged'
  activesupport (4.1.6) lib/active_support/tagged_logging.rb:68:in `tagged'
  railties (4.1.6) lib/rails/rack/logger.rb:20:in `call'
  actionpack (4.1.6) lib/action_dispatch/middleware/request_id.rb:21:in `call'
  rack (1.5.2) lib/rack/methodoverride.rb:21:in `call'
  rack (1.5.2) lib/rack/runtime.rb:17:in `call'
  activesupport (4.1.6) lib/active_support/cache/strategy/local_cache_middleware.rb:26:in `call'
  rack (1.5.2) lib/rack/lock.rb:17:in `call'
  actionpack (4.1.6) lib/action_dispatch/middleware/static.rb:64:in `call'
  rack (1.5.2) lib/rack/sendfile.rb:112:in `call'
  railties (4.1.6) lib/rails/engine.rb:514:in `call'
  railties (4.1.6) lib/rails/application.rb:144:in `call'
  rack (1.5.2) lib/rack/lock.rb:17:in `call'
  rack (1.5.2) lib/rack/content_length.rb:14:in `call'
  rack (1.5.2) lib/rack/handler/webrick.rb:60:in `service'
  /Users/clementchoi86/.rbenv/versions/2.1.2/lib/ruby/2.1.0/webrick/httpserver.rb:138:in `service'
  /Users/clementchoi86/.rbenv/versions/2.1.2/lib/ruby/2.1.0/webrick/httpserver.rb:94:in `run'
  /Users/clementchoi86/.rbenv/versions/2.1.2/lib/ruby/2.1.0/webrick/server.rb:295:in `block in start_thread'



Started POST "/__better_errors/b42f5ef164ae00f3/variables" for 127.0.0.1 at 2015-02-12 13:09:41 +0800


Started GET "/" for 127.0.0.1 at 2015-02-12 13:10:09 +0800
Processing by StaticPagesController#index as HTML
  Rendered static_pages/index.html within layouts/application (29.0ms)
Completed 200 OK in 4497ms (Views: 4496.9ms | ActiveRecord: 0.0ms)


Started GET "/assets/underscore.js?body=1" for 127.0.0.1 at 2015-02-12 13:10:15 +0800


Started GET "/assets/gmaps/base.js?body=1" for 127.0.0.1 at 2015-02-12 13:10:15 +0800


Started GET "/assets/gmaps/base/base.js?body=1" for 127.0.0.1 at 2015-02-12 13:10:15 +0800


Started GET "/assets/gmaps/objects/base_builder.js?body=1" for 127.0.0.1 at 2015-02-12 13:10:15 +0800


Started GET "/assets/gmaps/objects/handler.js?body=1" for 127.0.0.1 at 2015-02-12 13:10:15 +0800


Started GET "/assets/gmaps/objects/builder.js?body=1" for 127.0.0.1 at 2015-02-12 13:10:15 +0800


Started GET "/assets/application.css?body=1" for 127.0.0.1 at 2015-02-12 13:10:15 +0800


Started GET "/assets/gmaps/objects/null_clusterer.js?body=1" for 127.0.0.1 at 2015-02-12 13:10:15 +0800


Started GET "/assets/gmaps/google/objects/common.js?body=1" for 127.0.0.1 at 2015-02-12 13:10:15 +0800


Started GET "/assets/static_pages.css?body=1" for 127.0.0.1 at 2015-02-12 13:10:15 +0800


Started GET "/assets/gmaps/google/builders/circle.js?body=1" for 127.0.0.1 at 2015-02-12 13:10:15 +0800


Started GET "/assets/gmaps/google/builders/bound.js?body=1" for 127.0.0.1 at 2015-02-12 13:10:15 +0800


Started GET "/assets/gmaps/google/builders/clusterer.js?body=1" for 127.0.0.1 at 2015-02-12 13:10:15 +0800


Started GET "/assets/gmaps/google/builders/kml.js?body=1" for 127.0.0.1 at 2015-02-12 13:10:15 +0800


Started GET "/assets/gmaps/google/builders/map.js?body=1" for 127.0.0.1 at 2015-02-12 13:10:15 +0800


Started GET "/assets/gmaps/google/builders/marker.js?body=1" for 127.0.0.1 at 2015-02-12 13:10:15 +0800


Started GET "/assets/gmaps/google/builders/polygon.js?body=1" for 127.0.0.1 at 2015-02-12 13:10:16 +0800


Started GET "/assets/gmaps/google/builders/polyline.js?body=1" for 127.0.0.1 at 2015-02-12 13:10:16 +0800


Started GET "/assets/gmaps/google/objects/bound.js?body=1" for 127.0.0.1 at 2015-02-12 13:10:16 +0800


Started GET "/assets/gmaps/google/objects/circle.js?body=1" for 127.0.0.1 at 2015-02-12 13:10:16 +0800


Started GET "/assets/gmaps/google/objects/clusterer.js?body=1" for 127.0.0.1 at 2015-02-12 13:10:16 +0800


Started GET "/assets/gmaps/google/objects/kml.js?body=1" for 127.0.0.1 at 2015-02-12 13:10:16 +0800


Started GET "/assets/gmaps/google/objects/map.js?body=1" for 127.0.0.1 at 2015-02-12 13:10:16 +0800


Started GET "/assets/gmaps/google/objects/marker.js?body=1" for 127.0.0.1 at 2015-02-12 13:10:16 +0800


Started GET "/assets/gmaps/google/objects/polygon.js?body=1" for 127.0.0.1 at 2015-02-12 13:10:16 +0800


Started GET "/assets/gmaps/google/primitives.js?body=1" for 127.0.0.1 at 2015-02-12 13:10:16 +0800


Started GET "/assets/jquery_ujs.js?body=1" for 127.0.0.1 at 2015-02-12 13:10:16 +0800


Started GET "/assets/jquery.js?body=1" for 127.0.0.1 at 2015-02-12 13:10:16 +0800


Started GET "/assets/gmaps/google/objects/polyline.js?body=1" for 127.0.0.1 at 2015-02-12 13:10:16 +0800


Started GET "/assets/gmaps/google.js?body=1" for 127.0.0.1 at 2015-02-12 13:10:16 +0800


Started GET "/assets/static_pages.js?body=1" for 127.0.0.1 at 2015-02-12 13:10:16 +0800


Started GET "/assets/application.js?body=1" for 127.0.0.1 at 2015-02-12 13:10:16 +0800


Started GET "/" for 127.0.0.1 at 2015-02-12 13:10:33 +0800
Processing by StaticPagesController#index as HTML
  Rendered static_pages/index.html within layouts/application (0.1ms)
Completed 200 OK in 926ms (Views: 926.1ms | ActiveRecord: 0.0ms)


Started GET "/assets/static_pages.css?body=1" for 127.0.0.1 at 2015-02-12 13:10:34 +0800


Started GET "/assets/application.css?body=1" for 127.0.0.1 at 2015-02-12 13:10:34 +0800


Started GET "/assets/jquery.js?body=1" for 127.0.0.1 at 2015-02-12 13:10:34 +0800


Started GET "/assets/jquery_ujs.js?body=1" for 127.0.0.1 at 2015-02-12 13:10:34 +0800


Started GET "/assets/underscore.js?body=1" for 127.0.0.1 at 2015-02-12 13:10:34 +0800


Started GET "/assets/gmaps/base.js?body=1" for 127.0.0.1 at 2015-02-12 13:10:34 +0800


Started GET "/assets/gmaps/base/base.js?body=1" for 127.0.0.1 at 2015-02-12 13:10:34 +0800


Started GET "/assets/gmaps/objects/builder.js?body=1" for 127.0.0.1 at 2015-02-12 13:10:34 +0800


Started GET "/assets/gmaps/objects/base_builder.js?body=1" for 127.0.0.1 at 2015-02-12 13:10:34 +0800


Started GET "/assets/gmaps/objects/handler.js?body=1" for 127.0.0.1 at 2015-02-12 13:10:34 +0800


Started GET "/assets/gmaps/objects/null_clusterer.js?body=1" for 127.0.0.1 at 2015-02-12 13:10:34 +0800


Started GET "/assets/gmaps/google/objects/common.js?body=1" for 127.0.0.1 at 2015-02-12 13:10:34 +0800


Started GET "/assets/gmaps/google/builders/bound.js?body=1" for 127.0.0.1 at 2015-02-12 13:10:34 +0800


Started GET "/assets/gmaps/google/builders/clusterer.js?body=1" for 127.0.0.1 at 2015-02-12 13:10:34 +0800


Started GET "/assets/gmaps/google/builders/kml.js?body=1" for 127.0.0.1 at 2015-02-12 13:10:34 +0800


Started GET "/assets/gmaps/google/builders/marker.js?body=1" for 127.0.0.1 at 2015-02-12 13:10:34 +0800


Started GET "/assets/gmaps/google/builders/map.js?body=1" for 127.0.0.1 at 2015-02-12 13:10:34 +0800


Started GET "/assets/gmaps/google/builders/circle.js?body=1" for 127.0.0.1 at 2015-02-12 13:10:34 +0800


Started GET "/assets/gmaps/google/builders/polygon.js?body=1" for 127.0.0.1 at 2015-02-12 13:10:34 +0800


Started GET "/assets/gmaps/google/objects/clusterer.js?body=1" for 127.0.0.1 at 2015-02-12 13:10:34 +0800


Started GET "/assets/gmaps/google/objects/circle.js?body=1" for 127.0.0.1 at 2015-02-12 13:10:34 +0800


Started GET "/assets/gmaps/google/objects/kml.js?body=1" for 127.0.0.1 at 2015-02-12 13:10:34 +0800


Started GET "/assets/gmaps/google/objects/bound.js?body=1" for 127.0.0.1 at 2015-02-12 13:10:34 +0800


Started GET "/assets/gmaps/google/builders/polyline.js?body=1" for 127.0.0.1 at 2015-02-12 13:10:34 +0800


Started GET "/assets/gmaps/google/objects/map.js?body=1" for 127.0.0.1 at 2015-02-12 13:10:34 +0800


Started GET "/assets/gmaps/google/objects/marker.js?body=1" for 127.0.0.1 at 2015-02-12 13:10:34 +0800


Started GET "/assets/gmaps/google/objects/polygon.js?body=1" for 127.0.0.1 at 2015-02-12 13:10:34 +0800


Started GET "/assets/gmaps/google/primitives.js?body=1" for 127.0.0.1 at 2015-02-12 13:10:34 +0800


Started GET "/assets/gmaps/google/objects/polyline.js?body=1" for 127.0.0.1 at 2015-02-12 13:10:34 +0800


Started GET "/assets/application.js?body=1" for 127.0.0.1 at 2015-02-12 13:10:34 +0800


Started GET "/assets/gmaps/google.js?body=1" for 127.0.0.1 at 2015-02-12 13:10:34 +0800


Started GET "/assets/static_pages.js?body=1" for 127.0.0.1 at 2015-02-12 13:10:34 +0800


Started GET "/" for 127.0.0.1 at 2015-02-12 13:12:09 +0800
Processing by StaticPagesController#index as HTML
  Rendered static_pages/index.html within layouts/application (1.7ms)
Completed 200 OK in 1735ms (Views: 1733.0ms | ActiveRecord: 0.0ms)


Started GET "/assets/jquery.js?body=1" for 127.0.0.1 at 2015-02-12 13:12:12 +0800


Started GET "/assets/jquery_ujs.js?body=1" for 127.0.0.1 at 2015-02-12 13:12:12 +0800


Started GET "/assets/gmaps/base/base.js?body=1" for 127.0.0.1 at 2015-02-12 13:12:12 +0800


Started GET "/assets/gmaps/base.js?body=1" for 127.0.0.1 at 2015-02-12 13:12:12 +0800


Started GET "/assets/gmaps/objects/builder.js?body=1" for 127.0.0.1 at 2015-02-12 13:12:12 +0800


Started GET "/assets/underscore.js?body=1" for 127.0.0.1 at 2015-02-12 13:12:12 +0800


Started GET "/assets/application.css?body=1" for 127.0.0.1 at 2015-02-12 13:12:12 +0800


Started GET "/assets/static_pages.css?body=1" for 127.0.0.1 at 2015-02-12 13:12:12 +0800


Started GET "/assets/gmaps/objects/handler.js?body=1" for 127.0.0.1 at 2015-02-12 13:12:12 +0800


Started GET "/assets/gmaps/objects/base_builder.js?body=1" for 127.0.0.1 at 2015-02-12 13:12:12 +0800


Started GET "/assets/gmaps/google/builders/kml.js?body=1" for 127.0.0.1 at 2015-02-12 13:12:12 +0800


Started GET "/assets/gmaps/google/objects/common.js?body=1" for 127.0.0.1 at 2015-02-12 13:12:12 +0800


Started GET "/assets/gmaps/objects/null_clusterer.js?body=1" for 127.0.0.1 at 2015-02-12 13:12:12 +0800


Started GET "/assets/gmaps/google/builders/bound.js?body=1" for 127.0.0.1 at 2015-02-12 13:12:12 +0800


Started GET "/assets/gmaps/google/builders/map.js?body=1" for 127.0.0.1 at 2015-02-12 13:12:12 +0800


Started GET "/assets/gmaps/google/builders/polygon.js?body=1" for 127.0.0.1 at 2015-02-12 13:12:12 +0800


Started GET "/assets/gmaps/google/builders/clusterer.js?body=1" for 127.0.0.1 at 2015-02-12 13:12:12 +0800


Started GET "/assets/gmaps/google/builders/circle.js?body=1" for 127.0.0.1 at 2015-02-12 13:12:12 +0800


Started GET "/assets/gmaps/google/builders/marker.js?body=1" for 127.0.0.1 at 2015-02-12 13:12:12 +0800


Started GET "/assets/gmaps/google/builders/polyline.js?body=1" for 127.0.0.1 at 2015-02-12 13:12:12 +0800


Started GET "/assets/gmaps/google/objects/bound.js?body=1" for 127.0.0.1 at 2015-02-12 13:12:12 +0800


Started GET "/assets/gmaps/google/objects/circle.js?body=1" for 127.0.0.1 at 2015-02-12 13:12:13 +0800


Started GET "/assets/gmaps/google/objects/clusterer.js?body=1" for 127.0.0.1 at 2015-02-12 13:12:13 +0800


Started GET "/assets/gmaps/google/objects/map.js?body=1" for 127.0.0.1 at 2015-02-12 13:12:13 +0800


Started GET "/assets/gmaps/google/objects/kml.js?body=1" for 127.0.0.1 at 2015-02-12 13:12:13 +0800


Started GET "/assets/gmaps/google/objects/marker.js?body=1" for 127.0.0.1 at 2015-02-12 13:12:13 +0800


Started GET "/assets/gmaps/google/objects/polygon.js?body=1" for 127.0.0.1 at 2015-02-12 13:12:13 +0800


Started GET "/assets/gmaps/google/objects/polyline.js?body=1" for 127.0.0.1 at 2015-02-12 13:12:13 +0800


Started GET "/assets/gmaps/google/primitives.js?body=1" for 127.0.0.1 at 2015-02-12 13:12:13 +0800


Started GET "/assets/gmaps/google.js?body=1" for 127.0.0.1 at 2015-02-12 13:12:13 +0800


Started GET "/assets/static_pages.js?body=1" for 127.0.0.1 at 2015-02-12 13:12:13 +0800


Started GET "/assets/application.js?body=1" for 127.0.0.1 at 2015-02-12 13:12:13 +0800
